{"/Users/joshcho/Documents/frontendcapstone/reviews/client/components/App.jsx": {"path":"/Users/joshcho/Documents/frontendcapstone/reviews/client/components/App.jsx","statementMap":{"0":{"start":{"line":12,"column":4},"end":{"line":12,"column":17}},"1":{"start":{"line":13,"column":4},"end":{"line":20,"column":6}},"2":{"start":{"line":21,"column":4},"end":{"line":21,"column":41}},"3":{"start":{"line":22,"column":4},"end":{"line":22,"column":59}},"4":{"start":{"line":23,"column":4},"end":{"line":23,"column":45}},"5":{"start":{"line":27,"column":4},"end":{"line":27,"column":22}},"6":{"start":{"line":31,"column":4},"end":{"line":36,"column":64}},"7":{"start":{"line":34,"column":8},"end":{"line":34,"column":45}},"8":{"start":{"line":36,"column":20},"end":{"line":36,"column":62}},"9":{"start":{"line":40,"column":24},"end":{"line":40,"column":34}},"10":{"start":{"line":42,"column":28},"end":{"line":42,"column":82}},"11":{"start":{"line":42,"column":53},"end":{"line":42,"column":81}},"12":{"start":{"line":43,"column":4},"end":{"line":43,"column":33}},"13":{"start":{"line":44,"column":4},"end":{"line":44,"column":48}},"14":{"start":{"line":48,"column":4},"end":{"line":50,"column":7}},"15":{"start":{"line":54,"column":4},"end":{"line":54,"column":27}},"16":{"start":{"line":55,"column":4},"end":{"line":55,"column":42}},"17":{"start":{"line":56,"column":4},"end":{"line":56,"column":79}},"18":{"start":{"line":61,"column":25},"end":{"line":65,"column":5}},"19":{"start":{"line":66,"column":28},"end":{"line":72,"column":5}},"20":{"start":{"line":74,"column":28},"end":{"line":77,"column":5}},"21":{"start":{"line":78,"column":26},"end":{"line":80,"column":5}},"22":{"start":{"line":82,"column":26},"end":{"line":87,"column":5}},"23":{"start":{"line":88,"column":23},"end":{"line":95,"column":5}},"24":{"start":{"line":97,"column":22},"end":{"line":99,"column":5}},"25":{"start":{"line":101,"column":53},"end":{"line":101,"column":63}},"26":{"start":{"line":103,"column":31},"end":{"line":103,"column":59}},"27":{"start":{"line":104,"column":32},"end":{"line":104,"column":67}},"28":{"start":{"line":105,"column":27},"end":{"line":105,"column":81}},"29":{"start":{"line":107,"column":24},"end":{"line":107,"column":26}},"30":{"start":{"line":108,"column":4},"end":{"line":110,"column":5}},"31":{"start":{"line":109,"column":6},"end":{"line":109,"column":26}},"32":{"start":{"line":112,"column":4},"end":{"line":150,"column":6}},"33":{"start":{"line":131,"column":14},"end":{"line":136,"column":16}},"34":{"start":{"line":143,"column":14},"end":{"line":145,"column":20}}},"fnMap":{"0":{"name":"(anonymous_0)","decl":{"start":{"line":11,"column":2},"end":{"line":11,"column":3}},"loc":{"start":{"line":11,"column":21},"end":{"line":24,"column":3}},"line":11},"1":{"name":"(anonymous_1)","decl":{"start":{"line":26,"column":2},"end":{"line":26,"column":3}},"loc":{"start":{"line":26,"column":22},"end":{"line":28,"column":3}},"line":26},"2":{"name":"(anonymous_2)","decl":{"start":{"line":30,"column":2},"end":{"line":30,"column":3}},"loc":{"start":{"line":30,"column":15},"end":{"line":37,"column":3}},"line":30},"3":{"name":"(anonymous_3)","decl":{"start":{"line":33,"column":12},"end":{"line":33,"column":13}},"loc":{"start":{"line":33,"column":21},"end":{"line":35,"column":7}},"line":33},"4":{"name":"(anonymous_4)","decl":{"start":{"line":36,"column":13},"end":{"line":36,"column":14}},"loc":{"start":{"line":36,"column":20},"end":{"line":36,"column":62}},"line":36},"5":{"name":"(anonymous_5)","decl":{"start":{"line":39,"column":2},"end":{"line":39,"column":3}},"loc":{"start":{"line":39,"column":15},"end":{"line":45,"column":3}},"line":39},"6":{"name":"(anonymous_6)","decl":{"start":{"line":42,"column":43},"end":{"line":42,"column":44}},"loc":{"start":{"line":42,"column":53},"end":{"line":42,"column":81}},"line":42},"7":{"name":"(anonymous_7)","decl":{"start":{"line":47,"column":2},"end":{"line":47,"column":3}},"loc":{"start":{"line":47,"column":25},"end":{"line":51,"column":3}},"line":47},"8":{"name":"(anonymous_8)","decl":{"start":{"line":53,"column":2},"end":{"line":53,"column":3}},"loc":{"start":{"line":53,"column":13},"end":{"line":58,"column":3}},"line":53},"9":{"name":"(anonymous_9)","decl":{"start":{"line":60,"column":2},"end":{"line":60,"column":3}},"loc":{"start":{"line":60,"column":11},"end":{"line":151,"column":3}},"line":60},"10":{"name":"(anonymous_10)","decl":{"start":{"line":130,"column":32},"end":{"line":130,"column":33}},"loc":{"start":{"line":131,"column":14},"end":{"line":136,"column":16}},"line":131},"11":{"name":"(anonymous_11)","decl":{"start":{"line":142,"column":29},"end":{"line":142,"column":30}},"loc":{"start":{"line":143,"column":14},"end":{"line":145,"column":20}},"line":143}},"branchMap":{},"s":{"0":0,"1":0,"2":0,"3":0,"4":0,"5":0,"6":0,"7":0,"8":0,"9":0,"10":0,"11":0,"12":0,"13":0,"14":0,"15":0,"16":0,"17":0,"18":0,"19":0,"20":0,"21":0,"22":0,"23":0,"24":0,"25":0,"26":0,"27":0,"28":0,"29":0,"30":0,"31":0,"32":0,"33":0,"34":0},"f":{"0":0,"1":0,"2":0,"3":0,"4":0,"5":0,"6":0,"7":0,"8":0,"9":0,"10":0,"11":0},"b":{},"_coverageSchema":"332fd63041d2c1bcb487cc26dd0d5f7d97098a6c","hash":"f82e99bd0331cf2d6435ad2c9ca5931f14dfd03e"}
,"/Users/joshcho/Documents/frontendcapstone/reviews/client/components/RatingOverall.jsx": {"path":"/Users/joshcho/Documents/frontendcapstone/reviews/client/components/RatingOverall.jsx","statementMap":{"0":{"start":{"line":4,"column":22},"end":{"line":21,"column":1}},"1":{"start":{"line":5,"column":18},"end":{"line":5,"column":101}},"2":{"start":{"line":5,"column":24},"end":{"line":5,"column":101}},"3":{"start":{"line":5,"column":58},"end":{"line":5,"column":75}},"4":{"start":{"line":7,"column":16},"end":{"line":9,"column":3}},"5":{"start":{"line":10,"column":2},"end":{"line":20,"column":4}}},"fnMap":{"0":{"name":"(anonymous_0)","decl":{"start":{"line":4,"column":22},"end":{"line":4,"column":23}},"loc":{"start":{"line":4,"column":33},"end":{"line":21,"column":1}},"line":4},"1":{"name":"(anonymous_1)","decl":{"start":{"line":5,"column":18},"end":{"line":5,"column":19}},"loc":{"start":{"line":5,"column":24},"end":{"line":5,"column":101}},"line":5},"2":{"name":"(anonymous_2)","decl":{"start":{"line":5,"column":44},"end":{"line":5,"column":45}},"loc":{"start":{"line":5,"column":58},"end":{"line":5,"column":75}},"line":5}},"branchMap":{},"s":{"0":1,"1":0,"2":0,"3":0,"4":0,"5":0},"f":{"0":0,"1":0,"2":0},"b":{},"_coverageSchema":"332fd63041d2c1bcb487cc26dd0d5f7d97098a6c","hash":"c1080fb8125357739df4bb247ad7d918207bd836"}
,"/Users/joshcho/Documents/frontendcapstone/reviews/client/components/Ratings.jsx": {"path":"/Users/joshcho/Documents/frontendcapstone/reviews/client/components/Ratings.jsx","statementMap":{"0":{"start":{"line":4,"column":16},"end":{"line":116,"column":1}},"1":{"start":{"line":5,"column":19},"end":{"line":5,"column":103}},"2":{"start":{"line":5,"column":25},"end":{"line":5,"column":103}},"3":{"start":{"line":5,"column":59},"end":{"line":5,"column":77}},"4":{"start":{"line":6,"column":24},"end":{"line":6,"column":113}},"5":{"start":{"line":6,"column":30},"end":{"line":6,"column":113}},"6":{"start":{"line":6,"column":64},"end":{"line":6,"column":87}},"7":{"start":{"line":7,"column":22},"end":{"line":7,"column":109}},"8":{"start":{"line":7,"column":28},"end":{"line":7,"column":109}},"9":{"start":{"line":7,"column":62},"end":{"line":7,"column":83}},"10":{"start":{"line":8,"column":19},"end":{"line":8,"column":103}},"11":{"start":{"line":8,"column":25},"end":{"line":8,"column":103}},"12":{"start":{"line":8,"column":59},"end":{"line":8,"column":77}},"13":{"start":{"line":9,"column":18},"end":{"line":9,"column":101}},"14":{"start":{"line":9,"column":24},"end":{"line":9,"column":101}},"15":{"start":{"line":9,"column":58},"end":{"line":9,"column":75}},"16":{"start":{"line":10,"column":16},"end":{"line":10,"column":97}},"17":{"start":{"line":10,"column":22},"end":{"line":10,"column":97}},"18":{"start":{"line":10,"column":56},"end":{"line":10,"column":71}},"19":{"start":{"line":12,"column":23},"end":{"line":17,"column":3}},"20":{"start":{"line":18,"column":26},"end":{"line":22,"column":3}},"21":{"start":{"line":23,"column":26},"end":{"line":26,"column":3}},"22":{"start":{"line":27,"column":17},"end":{"line":30,"column":3}},"23":{"start":{"line":31,"column":15},"end":{"line":34,"column":3}},"24":{"start":{"line":36,"column":15},"end":{"line":45,"column":3}},"25":{"start":{"line":47,"column":2},"end":{"line":115,"column":4}}},"fnMap":{"0":{"name":"(anonymous_0)","decl":{"start":{"line":4,"column":16},"end":{"line":4,"column":17}},"loc":{"start":{"line":4,"column":27},"end":{"line":116,"column":1}},"line":4},"1":{"name":"(anonymous_1)","decl":{"start":{"line":5,"column":19},"end":{"line":5,"column":20}},"loc":{"start":{"line":5,"column":25},"end":{"line":5,"column":103}},"line":5},"2":{"name":"(anonymous_2)","decl":{"start":{"line":5,"column":45},"end":{"line":5,"column":46}},"loc":{"start":{"line":5,"column":59},"end":{"line":5,"column":77}},"line":5},"3":{"name":"(anonymous_3)","decl":{"start":{"line":6,"column":24},"end":{"line":6,"column":25}},"loc":{"start":{"line":6,"column":30},"end":{"line":6,"column":113}},"line":6},"4":{"name":"(anonymous_4)","decl":{"start":{"line":6,"column":50},"end":{"line":6,"column":51}},"loc":{"start":{"line":6,"column":64},"end":{"line":6,"column":87}},"line":6},"5":{"name":"(anonymous_5)","decl":{"start":{"line":7,"column":22},"end":{"line":7,"column":23}},"loc":{"start":{"line":7,"column":28},"end":{"line":7,"column":109}},"line":7},"6":{"name":"(anonymous_6)","decl":{"start":{"line":7,"column":48},"end":{"line":7,"column":49}},"loc":{"start":{"line":7,"column":62},"end":{"line":7,"column":83}},"line":7},"7":{"name":"(anonymous_7)","decl":{"start":{"line":8,"column":19},"end":{"line":8,"column":20}},"loc":{"start":{"line":8,"column":25},"end":{"line":8,"column":103}},"line":8},"8":{"name":"(anonymous_8)","decl":{"start":{"line":8,"column":45},"end":{"line":8,"column":46}},"loc":{"start":{"line":8,"column":59},"end":{"line":8,"column":77}},"line":8},"9":{"name":"(anonymous_9)","decl":{"start":{"line":9,"column":18},"end":{"line":9,"column":19}},"loc":{"start":{"line":9,"column":24},"end":{"line":9,"column":101}},"line":9},"10":{"name":"(anonymous_10)","decl":{"start":{"line":9,"column":44},"end":{"line":9,"column":45}},"loc":{"start":{"line":9,"column":58},"end":{"line":9,"column":75}},"line":9},"11":{"name":"(anonymous_11)","decl":{"start":{"line":10,"column":16},"end":{"line":10,"column":17}},"loc":{"start":{"line":10,"column":22},"end":{"line":10,"column":97}},"line":10},"12":{"name":"(anonymous_12)","decl":{"start":{"line":10,"column":42},"end":{"line":10,"column":43}},"loc":{"start":{"line":10,"column":56},"end":{"line":10,"column":71}},"line":10}},"branchMap":{},"s":{"0":1,"1":0,"2":0,"3":0,"4":0,"5":0,"6":0,"7":0,"8":0,"9":0,"10":0,"11":0,"12":0,"13":0,"14":0,"15":0,"16":0,"17":0,"18":0,"19":0,"20":0,"21":0,"22":0,"23":0,"24":0,"25":0},"f":{"0":0,"1":0,"2":0,"3":0,"4":0,"5":0,"6":0,"7":0,"8":0,"9":0,"10":0,"11":0,"12":0},"b":{},"_coverageSchema":"332fd63041d2c1bcb487cc26dd0d5f7d97098a6c","hash":"41077ae3f8f8eefb31f7e0fed6d7cae6524e31bd"}
,"/Users/joshcho/Documents/frontendcapstone/reviews/client/components/Reviews.jsx": {"path":"/Users/joshcho/Documents/frontendcapstone/reviews/client/components/Reviews.jsx","statementMap":{"0":{"start":{"line":5,"column":4},"end":{"line":5,"column":17}},"1":{"start":{"line":7,"column":4},"end":{"line":7,"column":20}},"2":{"start":{"line":8,"column":4},"end":{"line":8,"column":45}},"3":{"start":{"line":12,"column":4},"end":{"line":12,"column":27}},"4":{"start":{"line":14,"column":4},"end":{"line":14,"column":39}},"5":{"start":{"line":15,"column":4},"end":{"line":15,"column":66}},"6":{"start":{"line":20,"column":16},"end":{"line":26,"column":5}},"7":{"start":{"line":28,"column":28},"end":{"line":30,"column":5}},"8":{"start":{"line":32,"column":17},"end":{"line":40,"column":5}},"9":{"start":{"line":41,"column":19},"end":{"line":44,"column":5}},"10":{"start":{"line":45,"column":17},"end":{"line":50,"column":5}},"11":{"start":{"line":51,"column":17},"end":{"line":55,"column":5}},"12":{"start":{"line":56,"column":21},"end":{"line":58,"column":5}},"13":{"start":{"line":60,"column":4},"end":{"line":99,"column":6}}},"fnMap":{"0":{"name":"(anonymous_0)","decl":{"start":{"line":4,"column":2},"end":{"line":4,"column":3}},"loc":{"start":{"line":4,"column":21},"end":{"line":9,"column":3}},"line":4},"1":{"name":"(anonymous_1)","decl":{"start":{"line":11,"column":2},"end":{"line":11,"column":3}},"loc":{"start":{"line":11,"column":13},"end":{"line":17,"column":3}},"line":11},"2":{"name":"(anonymous_2)","decl":{"start":{"line":19,"column":2},"end":{"line":19,"column":3}},"loc":{"start":{"line":19,"column":11},"end":{"line":100,"column":3}},"line":19}},"branchMap":{"0":{"loc":{"start":{"line":74,"column":13},"end":{"line":82,"column":13}},"type":"binary-expr","locations":[{"start":{"line":74,"column":13},"end":{"line":74,"column":50}},{"start":{"line":75,"column":14},"end":{"line":81,"column":20}}],"line":74},"1":{"loc":{"start":{"line":83,"column":13},"end":{"line":87,"column":13}},"type":"binary-expr","locations":[{"start":{"line":83,"column":13},"end":{"line":83,"column":42}},{"start":{"line":84,"column":12},"end":{"line":86,"column":18}}],"line":83},"2":{"loc":{"start":{"line":88,"column":13},"end":{"line":92,"column":13}},"type":"binary-expr","locations":[{"start":{"line":88,"column":13},"end":{"line":88,"column":50}},{"start":{"line":89,"column":12},"end":{"line":91,"column":18}}],"line":88}},"s":{"0":0,"1":0,"2":0,"3":0,"4":0,"5":0,"6":0,"7":0,"8":0,"9":0,"10":0,"11":0,"12":0,"13":0},"f":{"0":0,"1":0,"2":0},"b":{"0":[0,0],"1":[0,0],"2":[0,0]},"_coverageSchema":"332fd63041d2c1bcb487cc26dd0d5f7d97098a6c","hash":"34a3b1c69f7b59b3f13a7a872ba450a62247e0ae"}
,"/Users/joshcho/Documents/frontendcapstone/reviews/client/components/SearchBar.jsx": {"path":"/Users/joshcho/Documents/frontendcapstone/reviews/client/components/SearchBar.jsx","statementMap":{"0":{"start":{"line":7,"column":4},"end":{"line":7,"column":17}},"1":{"start":{"line":9,"column":4},"end":{"line":11,"column":6}},"2":{"start":{"line":12,"column":4},"end":{"line":12,"column":63}},"3":{"start":{"line":13,"column":4},"end":{"line":13,"column":57}},"4":{"start":{"line":14,"column":4},"end":{"line":14,"column":49}},"5":{"start":{"line":18,"column":4},"end":{"line":18,"column":32}},"6":{"start":{"line":19,"column":4},"end":{"line":19,"column":45}},"7":{"start":{"line":23,"column":4},"end":{"line":25,"column":5}},"8":{"start":{"line":24,"column":6},"end":{"line":24,"column":42}},"9":{"start":{"line":29,"column":4},"end":{"line":29,"column":33}},"10":{"start":{"line":33,"column":22},"end":{"line":33,"column":32}},"11":{"start":{"line":34,"column":22},"end":{"line":37,"column":5}},"12":{"start":{"line":38,"column":22},"end":{"line":45,"column":5}},"13":{"start":{"line":46,"column":16},"end":{"line":50,"column":5}},"14":{"start":{"line":52,"column":4},"end":{"line":67,"column":6}}},"fnMap":{"0":{"name":"(anonymous_0)","decl":{"start":{"line":6,"column":2},"end":{"line":6,"column":3}},"loc":{"start":{"line":6,"column":21},"end":{"line":15,"column":3}},"line":6},"1":{"name":"(anonymous_1)","decl":{"start":{"line":17,"column":2},"end":{"line":17,"column":3}},"loc":{"start":{"line":17,"column":23},"end":{"line":20,"column":3}},"line":17},"2":{"name":"(anonymous_2)","decl":{"start":{"line":22,"column":2},"end":{"line":22,"column":3}},"loc":{"start":{"line":22,"column":20},"end":{"line":26,"column":3}},"line":22},"3":{"name":"(anonymous_3)","decl":{"start":{"line":28,"column":2},"end":{"line":28,"column":3}},"loc":{"start":{"line":28,"column":15},"end":{"line":30,"column":3}},"line":28},"4":{"name":"(anonymous_4)","decl":{"start":{"line":32,"column":2},"end":{"line":32,"column":3}},"loc":{"start":{"line":32,"column":11},"end":{"line":68,"column":3}},"line":32}},"branchMap":{"0":{"loc":{"start":{"line":23,"column":4},"end":{"line":25,"column":5}},"type":"if","locations":[{"start":{"line":23,"column":4},"end":{"line":25,"column":5}},{"start":{"line":23,"column":4},"end":{"line":25,"column":5}}],"line":23},"1":{"loc":{"start":{"line":61,"column":9},"end":{"line":65,"column":9}},"type":"binary-expr","locations":[{"start":{"line":61,"column":9},"end":{"line":61,"column":25}},{"start":{"line":62,"column":10},"end":{"line":64,"column":17}}],"line":61}},"s":{"0":0,"1":0,"2":0,"3":0,"4":0,"5":0,"6":0,"7":0,"8":0,"9":0,"10":0,"11":0,"12":0,"13":0,"14":0},"f":{"0":0,"1":0,"2":0,"3":0,"4":0},"b":{"0":[0,0],"1":[0,0]},"_coverageSchema":"332fd63041d2c1bcb487cc26dd0d5f7d97098a6c","hash":"4820d39b6ab7a5694be975044c4c349f0ceef296"}
,"/Users/joshcho/Documents/frontendcapstone/reviews/client/components/Stars.jsx": {"path":"/Users/joshcho/Documents/frontendcapstone/reviews/client/components/Stars.jsx","statementMap":{"0":{"start":{"line":4,"column":14},"end":{"line":14,"column":1}},"1":{"start":{"line":5,"column":2},"end":{"line":13,"column":8}}},"fnMap":{"0":{"name":"(anonymous_0)","decl":{"start":{"line":4,"column":14},"end":{"line":4,"column":15}},"loc":{"start":{"line":5,"column":2},"end":{"line":13,"column":8}},"line":5}},"branchMap":{},"s":{"0":1,"1":0},"f":{"0":0},"b":{},"_coverageSchema":"332fd63041d2c1bcb487cc26dd0d5f7d97098a6c","hash":"87d48d92b777ff58a51a0d02f3746641a5bb2dec"}
,"/Users/joshcho/Documents/frontendcapstone/reviews/db/index.js": {"path":"/Users/joshcho/Documents/frontendcapstone/reviews/db/index.js","statementMap":{"0":{"start":{"line":1,"column":14},"end":{"line":1,"column":30}},"1":{"start":{"line":3,"column":19},"end":{"line":8,"column":2}},"2":{"start":{"line":10,"column":0},"end":{"line":16,"column":3}},"3":{"start":{"line":11,"column":2},"end":{"line":14,"column":3}},"4":{"start":{"line":12,"column":4},"end":{"line":12,"column":52}},"5":{"start":{"line":13,"column":4},"end":{"line":13,"column":11}},"6":{"start":{"line":15,"column":2},"end":{"line":15,"column":56}},"7":{"start":{"line":18,"column":19},"end":{"line":20,"column":1}},"8":{"start":{"line":19,"column":2},"end":{"line":19,"column":81}},"9":{"start":{"line":22,"column":0},"end":{"line":25,"column":2}}},"fnMap":{"0":{"name":"(anonymous_0)","decl":{"start":{"line":10,"column":19},"end":{"line":10,"column":20}},"loc":{"start":{"line":10,"column":28},"end":{"line":16,"column":1}},"line":10},"1":{"name":"(anonymous_1)","decl":{"start":{"line":18,"column":19},"end":{"line":18,"column":20}},"loc":{"start":{"line":18,"column":41},"end":{"line":20,"column":1}},"line":18}},"branchMap":{"0":{"loc":{"start":{"line":11,"column":2},"end":{"line":14,"column":3}},"type":"if","locations":[{"start":{"line":11,"column":2},"end":{"line":14,"column":3}},{"start":{"line":11,"column":2},"end":{"line":14,"column":3}}],"line":11}},"s":{"0":1,"1":1,"2":1,"3":0,"4":0,"5":0,"6":0,"7":1,"8":0,"9":1},"f":{"0":0,"1":0},"b":{"0":[0,0]},"_coverageSchema":"332fd63041d2c1bcb487cc26dd0d5f7d97098a6c","hash":"577f9919b35fead1d5506b0467618b90b868aa7d"}
,"/Users/joshcho/Documents/frontendcapstone/reviews/server/server.js": {"path":"/Users/joshcho/Documents/frontendcapstone/reviews/server/server.js","statementMap":{"0":{"start":{"line":1,"column":16},"end":{"line":1,"column":34}},"1":{"start":{"line":2,"column":15},"end":{"line":2,"column":32}},"2":{"start":{"line":3,"column":13},"end":{"line":3,"column":28}},"3":{"start":{"line":4,"column":19},"end":{"line":4,"column":41}},"4":{"start":{"line":5,"column":23},"end":{"line":5,"column":45}},"5":{"start":{"line":7,"column":12},"end":{"line":7,"column":21}},"6":{"start":{"line":8,"column":13},"end":{"line":8,"column":37}},"7":{"start":{"line":10,"column":0},"end":{"line":10,"column":27}},"8":{"start":{"line":11,"column":0},"end":{"line":11,"column":51}},"9":{"start":{"line":13,"column":0},"end":{"line":13,"column":23}},"10":{"start":{"line":14,"column":0},"end":{"line":14,"column":59}},"11":{"start":{"line":16,"column":0},"end":{"line":24,"column":3}},"12":{"start":{"line":17,"column":2},"end":{"line":23,"column":5}},"13":{"start":{"line":18,"column":4},"end":{"line":22,"column":5}},"14":{"start":{"line":19,"column":6},"end":{"line":19,"column":32}},"15":{"start":{"line":21,"column":6},"end":{"line":21,"column":21}},"16":{"start":{"line":25,"column":0},"end":{"line":27,"column":3}},"17":{"start":{"line":26,"column":2},"end":{"line":26,"column":61}},"18":{"start":{"line":29,"column":0},"end":{"line":29,"column":20}}},"fnMap":{"0":{"name":"(anonymous_0)","decl":{"start":{"line":16,"column":26},"end":{"line":16,"column":27}},"loc":{"start":{"line":16,"column":40},"end":{"line":24,"column":1}},"line":16},"1":{"name":"(anonymous_1)","decl":{"start":{"line":17,"column":32},"end":{"line":17,"column":33}},"loc":{"start":{"line":17,"column":47},"end":{"line":23,"column":3}},"line":17},"2":{"name":"(anonymous_2)","decl":{"start":{"line":25,"column":17},"end":{"line":25,"column":18}},"loc":{"start":{"line":25,"column":23},"end":{"line":27,"column":1}},"line":25}},"branchMap":{"0":{"loc":{"start":{"line":8,"column":13},"end":{"line":8,"column":37}},"type":"binary-expr","locations":[{"start":{"line":8,"column":13},"end":{"line":8,"column":29}},{"start":{"line":8,"column":33},"end":{"line":8,"column":37}}],"line":8},"1":{"loc":{"start":{"line":18,"column":4},"end":{"line":22,"column":5}},"type":"if","locations":[{"start":{"line":18,"column":4},"end":{"line":22,"column":5}},{"start":{"line":18,"column":4},"end":{"line":22,"column":5}}],"line":18}},"s":{"0":1,"1":1,"2":1,"3":1,"4":1,"5":1,"6":1,"7":1,"8":1,"9":1,"10":1,"11":1,"12":0,"13":0,"14":0,"15":0,"16":1,"17":0,"18":1},"f":{"0":0,"1":0,"2":0},"b":{"0":[1,1],"1":[0,0]},"_coverageSchema":"332fd63041d2c1bcb487cc26dd0d5f7d97098a6c","hash":"641eff8b26d27459069f14733ec50aef595e80cd"}
}
